<?xml version="1.0" encoding="utf-8" standalone="no"?>
<!--This file represents the results of running a test suite-->
<test-results name="/Users/nbalkiss/Dev/servicemaster/apiclients/tasksApi/new/csharp-client/src/IO.Swagger.Test/bin/Debug/IO.Swagger.Test.dll" total="22" errors="0" failures="0" not-run="0" inconclusive="0" ignored="0" skipped="0" invalid="0" date="2017-01-23" time="14:56:57">
  <environment nunit-version="2.6.4.14350" clr-version="4.0.30319.42000" os-version="Unix 14.4.0.0" platform="Unix" cwd="/Users/nbalkiss/Dev/servicemaster/apiclients/tasksApi/new/csharp-client" machine-name="Nicks-MacBook-Pro.local" user="nbalkiss" user-domain="Nicks-MacBook-Pro.local" />
  <culture-info current-culture="en-US" current-uiculture="en-US" />
  <test-suite type="Assembly" name="/Users/nbalkiss/Dev/servicemaster/apiclients/tasksApi/new/csharp-client/src/IO.Swagger.Test/bin/Debug/IO.Swagger.Test.dll" executed="True" result="Success" success="True" time="0.052" asserts="0">
    <results>
      <test-suite type="Namespace" name="IO" executed="True" result="Success" success="True" time="0.045" asserts="0">
        <results>
          <test-suite type="Namespace" name="Swagger" executed="True" result="Success" success="True" time="0.045" asserts="0">
            <results>
              <test-suite type="Namespace" name="Test" executed="True" result="Success" success="True" time="0.044" asserts="0">
                <results>
                  <test-suite type="TestFixture" name="DefaultApiTests" executed="True" result="Success" success="True" time="0.036" asserts="0">
                    <results>
                      <test-case name="IO.Swagger.Test.DefaultApiTests.InstanceTest" executed="True" result="Success" success="True" time="0.015" asserts="0" />
                      <test-case name="IO.Swagger.Test.DefaultApiTests.ServerContainersContainerIdTasksTInstanceIdStatesClaimedPutTest" executed="True" result="Success" success="True" time="0.000" asserts="0" />
                      <test-case name="IO.Swagger.Test.DefaultApiTests.ServerContainersContainerIdTasksTInstanceIdStatesCompletedPutAtomicParamTest" executed="True" result="Success" success="True" time="0.000" asserts="0" />
                      <test-case name="IO.Swagger.Test.DefaultApiTests.ServerContainersContainerIdTasksTInstanceIdStatesCompletedPutObjectParamTest" executed="True" result="Success" success="True" time="0.000" asserts="0" />
                      <test-case name="IO.Swagger.Test.DefaultApiTests.ServerContainersContainerIdTasksTInstanceIdStatesStartedPutTest" executed="True" result="Success" success="True" time="0.000" asserts="0" />
                      <test-case name="IO.Swagger.Test.DefaultApiTests.ServerQueriesTasksInstancesPotOwnersGetTest" executed="True" result="Success" success="True" time="0.000" asserts="0" />
                    </results>
                  </test-suite>
                  <test-suite type="TestFixture" name="TaskSummaryTests" executed="True" result="Success" success="True" time="0.001" asserts="0">
                    <results>
                      <test-case name="IO.Swagger.Test.TaskSummaryTests._TaskSummaryTest" executed="True" result="Success" success="True" time="0.000" asserts="0" />
                      <test-case name="IO.Swagger.Test.TaskSummaryTests.TaskSummaryInstanceTest" executed="True" result="Success" success="True" time="0.000" asserts="0" />
                    </results>
                  </test-suite>
                  <test-suite type="TestFixture" name="TaskTests" executed="True" result="Success" success="True" time="0.005" asserts="0">
                    <results>
                      <test-case name="IO.Swagger.Test.TaskTests.TaskActivationTimeTest" executed="True" result="Success" success="True" time="0.000" asserts="0" />
                      <test-case name="IO.Swagger.Test.TaskTests.TaskContainerIdTest" executed="True" result="Success" success="True" time="0.000" asserts="0" />
                      <test-case name="IO.Swagger.Test.TaskTests.TaskCreatedOnTest" executed="True" result="Success" success="True" time="0.000" asserts="0" />
                      <test-case name="IO.Swagger.Test.TaskTests.TaskDescriptionTest" executed="True" result="Success" success="True" time="0.000" asserts="0" />
                      <test-case name="IO.Swagger.Test.TaskTests.TaskIdTest" executed="True" result="Success" success="True" time="0.000" asserts="0" />
                      <test-case name="IO.Swagger.Test.TaskTests.TaskInstanceTest" executed="True" result="Success" success="True" time="0.000" asserts="0" />
                      <test-case name="IO.Swagger.Test.TaskTests.TaskIsSkipableTest" executed="True" result="Success" success="True" time="0.000" asserts="0" />
                      <test-case name="IO.Swagger.Test.TaskTests.TaskNameTest" executed="True" result="Success" success="True" time="0.000" asserts="0" />
                      <test-case name="IO.Swagger.Test.TaskTests.TaskParentIdTest" executed="True" result="Success" success="True" time="0.000" asserts="0" />
                      <test-case name="IO.Swagger.Test.TaskTests.TaskPriorityTest" executed="True" result="Success" success="True" time="0.000" asserts="0" />
                      <test-case name="IO.Swagger.Test.TaskTests.TaskProcDefIdTest" executed="True" result="Success" success="True" time="0.000" asserts="0" />
                      <test-case name="IO.Swagger.Test.TaskTests.TaskProcInstIdTest" executed="True" result="Success" success="True" time="0.000" asserts="0" />
                      <test-case name="IO.Swagger.Test.TaskTests.TaskStatusTest" executed="True" result="Success" success="True" time="0.000" asserts="0" />
                      <test-case name="IO.Swagger.Test.TaskTests.TaskSubjectTest" executed="True" result="Success" success="True" time="0.000" asserts="0" />
                    </results>
                  </test-suite>
                </results>
              </test-suite>
            </results>
          </test-suite>
        </results>
      </test-suite>
    </results>
  </test-suite>
</test-results>