<?xml version="1.0" encoding="utf-8" standalone="no"?>
<!--This file represents the results of running a test suite-->
<test-results name="/Users/nbalkiss/Dev/servicemaster/apiclients/tasksApi/csharp-client/src/IO.Swagger.Test/bin/Debug/IO.Swagger.Test.dll" total="65" errors="6" failures="0" not-run="0" inconclusive="0" ignored="0" skipped="0" invalid="0" date="2017-02-02" time="13:35:55">
  <environment nunit-version="2.6.4.14350" clr-version="4.0.30319.42000" os-version="Unix 14.4.0.0" platform="Unix" cwd="/Users/nbalkiss/Dev/servicemaster/apiclients/tasksApi/csharp-client" machine-name="Nicks-MacBook-Pro.local" user="nbalkiss" user-domain="Nicks-MacBook-Pro.local" />
  <culture-info current-culture="en-US" current-uiculture="en-US" />
  <test-suite type="Assembly" name="/Users/nbalkiss/Dev/servicemaster/apiclients/tasksApi/csharp-client/src/IO.Swagger.Test/bin/Debug/IO.Swagger.Test.dll" executed="True" result="Failure" success="False" time="0.823" asserts="0">
    <results>
      <test-suite type="Namespace" name="IO" executed="True" result="Failure" success="False" time="0.817" asserts="0">
        <results>
          <test-suite type="Namespace" name="Swagger" executed="True" result="Failure" success="False" time="0.817" asserts="0">
            <results>
              <test-suite type="Namespace" name="Test" executed="True" result="Failure" success="False" time="0.817" asserts="0">
                <results>
                  <test-suite type="TestFixture" name="DefaultApiTests" executed="True" result="Success" success="True" time="0.038" asserts="0">
                    <results>
                      <test-case name="IO.Swagger.Test.DefaultApiTests.InstanceTest" executed="True" result="Success" success="True" time="0.015" asserts="0" />
                      <test-case name="IO.Swagger.Test.DefaultApiTests.ServerContainersContainerIdTasksTInstanceIdStatesClaimedPutTest" executed="True" result="Success" success="True" time="0.000" asserts="0" />
                      <test-case name="IO.Swagger.Test.DefaultApiTests.ServerContainersContainerIdTasksTInstanceIdStatesCompletedPutTest" executed="True" result="Success" success="True" time="0.000" asserts="0" />
                      <test-case name="IO.Swagger.Test.DefaultApiTests.ServerContainersContainerIdTasksTInstanceIdStatesStartedPutTest" executed="True" result="Success" success="True" time="0.000" asserts="0" />
                      <test-case name="IO.Swagger.Test.DefaultApiTests.ServerQueriesTasksInstancesPotOwnersGetTest" executed="True" result="Success" success="True" time="0.000" asserts="0" />
                    </results>
                  </test-suite>
                  <test-suite type="TestFixture" name="KieContainerMessagesTests" executed="True" result="Success" success="True" time="0.002" asserts="0">
                    <results>
                      <test-case name="IO.Swagger.Test.KieContainerMessagesTests.ContentTest" executed="True" result="Success" success="True" time="0.000" asserts="0" />
                      <test-case name="IO.Swagger.Test.KieContainerMessagesTests.KieContainerMessagesInstanceTest" executed="True" result="Success" success="True" time="0.000" asserts="0" />
                      <test-case name="IO.Swagger.Test.KieContainerMessagesTests.SeverityTest" executed="True" result="Success" success="True" time="0.000" asserts="0" />
                      <test-case name="IO.Swagger.Test.KieContainerMessagesTests.TimestampTest" executed="True" result="Success" success="True" time="0.000" asserts="0" />
                    </results>
                  </test-suite>
                  <test-suite type="TestFixture" name="KieContainerReleaseidTests" executed="True" result="Success" success="True" time="0.002" asserts="0">
                    <results>
                      <test-case name="IO.Swagger.Test.KieContainerReleaseidTests.ArtifactIdTest" executed="True" result="Success" success="True" time="0.000" asserts="0" />
                      <test-case name="IO.Swagger.Test.KieContainerReleaseidTests.GroupIdTest" executed="True" result="Success" success="True" time="0.000" asserts="0" />
                      <test-case name="IO.Swagger.Test.KieContainerReleaseidTests.KieContainerReleaseidInstanceTest" executed="True" result="Success" success="True" time="0.000" asserts="0" />
                      <test-case name="IO.Swagger.Test.KieContainerReleaseidTests.VersionTest" executed="True" result="Success" success="True" time="0.000" asserts="0" />
                    </results>
                  </test-suite>
                  <test-suite type="TestFixture" name="KieContainersStatusResultKiecontainersTests" executed="True" result="Success" success="True" time="0.001" asserts="0">
                    <results>
                      <test-case name="IO.Swagger.Test.KieContainersStatusResultKiecontainersTests.KieContainersStatusResultKiecontainersInstanceTest" executed="True" result="Success" success="True" time="0.000" asserts="0" />
                      <test-case name="IO.Swagger.Test.KieContainersStatusResultKiecontainersTests.KieContainerTest" executed="True" result="Success" success="True" time="0.000" asserts="0" />
                    </results>
                  </test-suite>
                  <test-suite type="TestFixture" name="KieContainersStatusResultTests" executed="True" result="Success" success="True" time="0.001" asserts="0">
                    <results>
                      <test-case name="IO.Swagger.Test.KieContainersStatusResultTests.KieContainersStatusResultInstanceTest" executed="True" result="Success" success="True" time="0.000" asserts="0" />
                      <test-case name="IO.Swagger.Test.KieContainersStatusResultTests.KieContainersTest" executed="True" result="Success" success="True" time="0.000" asserts="0" />
                    </results>
                  </test-suite>
                  <test-suite type="TestFixture" name="KieContainersStatusTests" executed="True" result="Success" success="True" time="0.004" asserts="0">
                    <results>
                      <test-case name="IO.Swagger.Test.KieContainersStatusTests.KieContainersStatusInstanceTest" executed="True" result="Success" success="True" time="0.000" asserts="0" />
                      <test-case name="IO.Swagger.Test.KieContainersStatusTests.MsgTest" executed="True" result="Success" success="True" time="0.000" asserts="0" />
                      <test-case name="IO.Swagger.Test.KieContainersStatusTests.ResultTest" executed="True" result="Success" success="True" time="0.000" asserts="0" />
                      <test-case name="IO.Swagger.Test.KieContainersStatusTests.TypeTest" executed="True" result="Success" success="True" time="0.000" asserts="0" />
                    </results>
                  </test-suite>
                  <test-suite type="TestFixture" name="KieContainerTests" executed="True" result="Success" success="True" time="0.002" asserts="0">
                    <results>
                      <test-case name="IO.Swagger.Test.KieContainerTests.ContainerIdTest" executed="True" result="Success" success="True" time="0.000" asserts="0" />
                      <test-case name="IO.Swagger.Test.KieContainerTests.KieContainerInstanceTest" executed="True" result="Success" success="True" time="0.000" asserts="0" />
                      <test-case name="IO.Swagger.Test.KieContainerTests.MessagesTest" executed="True" result="Success" success="True" time="0.000" asserts="0" />
                      <test-case name="IO.Swagger.Test.KieContainerTests.ReleaseIdTest" executed="True" result="Success" success="True" time="0.000" asserts="0" />
                      <test-case name="IO.Swagger.Test.KieContainerTests.ResolvedReleaseIdTest" executed="True" result="Success" success="True" time="0.000" asserts="0" />
                      <test-case name="IO.Swagger.Test.KieContainerTests.StatusTest" executed="True" result="Success" success="True" time="0.000" asserts="0" />
                    </results>
                  </test-suite>
                  <test-suite type="TestFixture" name="ProcessInstancesTests" executed="True" result="Success" success="True" time="0.001" asserts="0">
                    <results>
                      <test-case name="IO.Swagger.Test.ProcessInstancesTests.ProcessInstancesInstanceTest" executed="True" result="Success" success="True" time="0.000" asserts="0" />
                      <test-case name="IO.Swagger.Test.ProcessInstancesTests.ProcessInstanceTest" executed="True" result="Success" success="True" time="0.000" asserts="0" />
                    </results>
                  </test-suite>
                  <test-suite type="TestFixture" name="ProcessInstanceTests" executed="True" result="Success" success="True" time="0.004" asserts="0">
                    <results>
                      <test-case name="IO.Swagger.Test.ProcessInstanceTests.ContainerIdTest" executed="True" result="Success" success="True" time="0.000" asserts="0" />
                      <test-case name="IO.Swagger.Test.ProcessInstanceTests.CorrelationKeyTest" executed="True" result="Success" success="True" time="0.000" asserts="0" />
                      <test-case name="IO.Swagger.Test.ProcessInstanceTests.InitiatorTest" executed="True" result="Success" success="True" time="0.000" asserts="0" />
                      <test-case name="IO.Swagger.Test.ProcessInstanceTests.ParentInstanceIdTest" executed="True" result="Success" success="True" time="0.000" asserts="0" />
                      <test-case name="IO.Swagger.Test.ProcessInstanceTests.ProcessIdTest" executed="True" result="Success" success="True" time="0.000" asserts="0" />
                      <test-case name="IO.Swagger.Test.ProcessInstanceTests.ProcessInstanceDescTest" executed="True" result="Success" success="True" time="0.000" asserts="0" />
                      <test-case name="IO.Swagger.Test.ProcessInstanceTests.ProcessInstanceIdTest" executed="True" result="Success" success="True" time="0.000" asserts="0" />
                      <test-case name="IO.Swagger.Test.ProcessInstanceTests.ProcessInstanceInstanceTest" executed="True" result="Success" success="True" time="0.000" asserts="0" />
                      <test-case name="IO.Swagger.Test.ProcessInstanceTests.ProcessInstanceStateTest" executed="True" result="Success" success="True" time="0.000" asserts="0" />
                      <test-case name="IO.Swagger.Test.ProcessInstanceTests.ProcessNameTest" executed="True" result="Success" success="True" time="0.000" asserts="0" />
                      <test-case name="IO.Swagger.Test.ProcessInstanceTests.ProcessVersionTest" executed="True" result="Success" success="True" time="0.000" asserts="0" />
                      <test-case name="IO.Swagger.Test.ProcessInstanceTests.StartDateTest" executed="True" result="Success" success="True" time="0.000" asserts="0" />
                    </results>
                  </test-suite>
                  <test-suite type="TestFixture" name="TaskApiTests" executed="True" result="Failure" success="False" time="0.748" asserts="0">
                    <results>
                      <test-case name="IO.Swagger.Test.TaskApiTests.endToEndTest" executed="True" result="Error" success="False" time="0.627" asserts="3">
                        <failure>
                          <message><![CDATA[IO.Swagger.Client.ApiException : Missing required parameter 'tInstanceId' when calling DefaultApi->ServerContainersContainerIdTasksTInstanceIdStatesClaimedPut]]></message>
                          <stack-trace><![CDATA[at IO.Swagger.Api.DefaultApi.ServerContainersContainerIdTasksTInstanceIdStatesClaimedPutWithHttpInfo (System.String containerId, System.Nullable`1[T] tInstanceId) [0x00035] in <46bc1ed4ba884802bd156a50724f44df>:0
at IO.Swagger.Api.DefaultApi.ServerContainersContainerIdTasksTInstanceIdStatesClaimedPut (System.String containerId, System.Nullable`1[T] tInstanceId) [0x00001] in <46bc1ed4ba884802bd156a50724f44df>:0
at IO.Swagger.Test.TaskApiTests.ServerContainersContainerIdTasksTInstanceIdStatesClaimedPutTest () [0x0000e] in <105ec2c95ffd4760b5dcebad36cae708>:0
at IO.Swagger.Test.TaskApiTests.endToEndTest () [0x00007] in <105ec2c95ffd4760b5dcebad36cae708>:0
]]></stack-trace>
                        </failure>
                      </test-case>
                      <test-case name="IO.Swagger.Test.TaskApiTests.InstanceTest" executed="True" result="Success" success="True" time="0.008" asserts="3" />
                      <test-case name="IO.Swagger.Test.TaskApiTests.ServerContainersContainerIdTasksTInstanceIdStatesClaimedPutTest" executed="True" result="Error" success="False" time="0.008" asserts="2">
                        <failure>
                          <message><![CDATA[IO.Swagger.Client.ApiException : Missing required parameter 'tInstanceId' when calling DefaultApi->ServerContainersContainerIdTasksTInstanceIdStatesClaimedPut]]></message>
                          <stack-trace><![CDATA[at IO.Swagger.Api.DefaultApi.ServerContainersContainerIdTasksTInstanceIdStatesClaimedPutWithHttpInfo (System.String containerId, System.Nullable`1[T] tInstanceId) [0x00035] in <46bc1ed4ba884802bd156a50724f44df>:0
at IO.Swagger.Api.DefaultApi.ServerContainersContainerIdTasksTInstanceIdStatesClaimedPut (System.String containerId, System.Nullable`1[T] tInstanceId) [0x00001] in <46bc1ed4ba884802bd156a50724f44df>:0
at IO.Swagger.Test.TaskApiTests.ServerContainersContainerIdTasksTInstanceIdStatesClaimedPutTest () [0x0000e] in <105ec2c95ffd4760b5dcebad36cae708>:0
]]></stack-trace>
                        </failure>
                      </test-case>
                      <test-case name="IO.Swagger.Test.TaskApiTests.ServerContainersContainerIdTasksTInstanceIdStatesCompletedPutAtomicParamTest" executed="True" result="Error" success="False" time="0.009" asserts="2">
                        <failure>
                          <message><![CDATA[IO.Swagger.Client.ApiException : Missing required parameter 'tInstanceId' when calling DefaultApi->ServerContainersContainerIdTasksTInstanceIdStatesCompletedPut]]></message>
                          <stack-trace><![CDATA[at IO.Swagger.Api.DefaultApi.ServerContainersContainerIdTasksTInstanceIdStatesCompletedPutWithHttpInfo (System.String containerId, System.Nullable`1[T] tInstanceId, System.Object body) [0x00035] in <46bc1ed4ba884802bd156a50724f44df>:0
at IO.Swagger.Api.DefaultApi.ServerContainersContainerIdTasksTInstanceIdStatesCompletedPut (System.String containerId, System.Nullable`1[T] tInstanceId, System.Object body) [0x00001] in <46bc1ed4ba884802bd156a50724f44df>:0
at IO.Swagger.Test.TaskApiTests.ServerContainersContainerIdTasksTInstanceIdStatesCompletedPutAtomicParamTest () [0x00039] in <105ec2c95ffd4760b5dcebad36cae708>:0
]]></stack-trace>
                        </failure>
                      </test-case>
                      <test-case name="IO.Swagger.Test.TaskApiTests.ServerContainersContainerIdTasksTInstanceIdStatesCompletedPutNoneParamTest" executed="True" result="Error" success="False" time="0.007" asserts="2">
                        <failure>
                          <message><![CDATA[IO.Swagger.Client.ApiException : Missing required parameter 'tInstanceId' when calling DefaultApi->ServerContainersContainerIdTasksTInstanceIdStatesCompletedPut]]></message>
                          <stack-trace><![CDATA[at IO.Swagger.Api.DefaultApi.ServerContainersContainerIdTasksTInstanceIdStatesCompletedPutWithHttpInfo (System.String containerId, System.Nullable`1[T] tInstanceId, System.Object body) [0x00035] in <46bc1ed4ba884802bd156a50724f44df>:0
at IO.Swagger.Api.DefaultApi.ServerContainersContainerIdTasksTInstanceIdStatesCompletedPut (System.String containerId, System.Nullable`1[T] tInstanceId, System.Object body) [0x00001] in <46bc1ed4ba884802bd156a50724f44df>:0
at IO.Swagger.Test.TaskApiTests.ServerContainersContainerIdTasksTInstanceIdStatesCompletedPutNoneParamTest () [0x00010] in <105ec2c95ffd4760b5dcebad36cae708>:0
]]></stack-trace>
                        </failure>
                      </test-case>
                      <test-case name="IO.Swagger.Test.TaskApiTests.ServerContainersContainerIdTasksTInstanceIdStatesCompletedPutObjectParamTest" executed="True" result="Error" success="False" time="0.008" asserts="2">
                        <failure>
                          <message><![CDATA[IO.Swagger.Client.ApiException : Missing required parameter 'tInstanceId' when calling DefaultApi->ServerContainersContainerIdTasksTInstanceIdStatesCompletedPut]]></message>
                          <stack-trace><![CDATA[at IO.Swagger.Api.DefaultApi.ServerContainersContainerIdTasksTInstanceIdStatesCompletedPutWithHttpInfo (System.String containerId, System.Nullable`1[T] tInstanceId, System.Object body) [0x00035] in <46bc1ed4ba884802bd156a50724f44df>:0
at IO.Swagger.Api.DefaultApi.ServerContainersContainerIdTasksTInstanceIdStatesCompletedPut (System.String containerId, System.Nullable`1[T] tInstanceId, System.Object body) [0x00001] in <46bc1ed4ba884802bd156a50724f44df>:0
at IO.Swagger.Test.TaskApiTests.ServerContainersContainerIdTasksTInstanceIdStatesCompletedPutObjectParamTest () [0x00039] in <105ec2c95ffd4760b5dcebad36cae708>:0
]]></stack-trace>
                        </failure>
                      </test-case>
                      <test-case name="IO.Swagger.Test.TaskApiTests.ServerContainersContainerIdTasksTInstanceIdStatesStartedPutTest" executed="True" result="Error" success="False" time="0.008" asserts="2">
                        <failure>
                          <message><![CDATA[IO.Swagger.Client.ApiException : Missing required parameter 'tInstanceId' when calling DefaultApi->ServerContainersContainerIdTasksTInstanceIdStatesStartedPut]]></message>
                          <stack-trace><![CDATA[at IO.Swagger.Api.DefaultApi.ServerContainersContainerIdTasksTInstanceIdStatesStartedPutWithHttpInfo (System.String containerId, System.Nullable`1[T] tInstanceId) [0x00035] in <46bc1ed4ba884802bd156a50724f44df>:0
at IO.Swagger.Api.DefaultApi.ServerContainersContainerIdTasksTInstanceIdStatesStartedPut (System.String containerId, System.Nullable`1[T] tInstanceId) [0x00001] in <46bc1ed4ba884802bd156a50724f44df>:0
at IO.Swagger.Test.TaskApiTests.ServerContainersContainerIdTasksTInstanceIdStatesStartedPutTest () [0x0000e] in <105ec2c95ffd4760b5dcebad36cae708>:0
]]></stack-trace>
                        </failure>
                      </test-case>
                      <test-case name="IO.Swagger.Test.TaskApiTests.ServerQueriesTasksInstancesPotOwnersGetTest" executed="True" result="Success" success="True" time="0.011" asserts="3" />
                    </results>
                  </test-suite>
                  <test-suite type="TestFixture" name="TaskSummaryTests" executed="True" result="Success" success="True" time="0.001" asserts="0">
                    <results>
                      <test-case name="IO.Swagger.Test.TaskSummaryTests._TaskSummaryTest" executed="True" result="Success" success="True" time="0.000" asserts="0" />
                      <test-case name="IO.Swagger.Test.TaskSummaryTests.TaskSummaryInstanceTest" executed="True" result="Success" success="True" time="0.000" asserts="0" />
                    </results>
                  </test-suite>
                  <test-suite type="TestFixture" name="TaskTests" executed="True" result="Success" success="True" time="0.005" asserts="0">
                    <results>
                      <test-case name="IO.Swagger.Test.TaskTests.TaskActivationTimeTest" executed="True" result="Success" success="True" time="0.000" asserts="0" />
                      <test-case name="IO.Swagger.Test.TaskTests.TaskContainerIdTest" executed="True" result="Success" success="True" time="0.000" asserts="0" />
                      <test-case name="IO.Swagger.Test.TaskTests.TaskCreatedOnTest" executed="True" result="Success" success="True" time="0.000" asserts="0" />
                      <test-case name="IO.Swagger.Test.TaskTests.TaskDescriptionTest" executed="True" result="Success" success="True" time="0.000" asserts="0" />
                      <test-case name="IO.Swagger.Test.TaskTests.TaskIdTest" executed="True" result="Success" success="True" time="0.000" asserts="0" />
                      <test-case name="IO.Swagger.Test.TaskTests.TaskInstanceTest" executed="True" result="Success" success="True" time="0.000" asserts="0" />
                      <test-case name="IO.Swagger.Test.TaskTests.TaskIsSkipableTest" executed="True" result="Success" success="True" time="0.000" asserts="0" />
                      <test-case name="IO.Swagger.Test.TaskTests.TaskNameTest" executed="True" result="Success" success="True" time="0.000" asserts="0" />
                      <test-case name="IO.Swagger.Test.TaskTests.TaskParentIdTest" executed="True" result="Success" success="True" time="0.000" asserts="0" />
                      <test-case name="IO.Swagger.Test.TaskTests.TaskPriorityTest" executed="True" result="Success" success="True" time="0.000" asserts="0" />
                      <test-case name="IO.Swagger.Test.TaskTests.TaskProcDefIdTest" executed="True" result="Success" success="True" time="0.000" asserts="0" />
                      <test-case name="IO.Swagger.Test.TaskTests.TaskProcInstIdTest" executed="True" result="Success" success="True" time="0.000" asserts="0" />
                      <test-case name="IO.Swagger.Test.TaskTests.TaskStatusTest" executed="True" result="Success" success="True" time="0.000" asserts="0" />
                      <test-case name="IO.Swagger.Test.TaskTests.TaskSubjectTest" executed="True" result="Success" success="True" time="0.000" asserts="0" />
                    </results>
                  </test-suite>
                </results>
              </test-suite>
            </results>
          </test-suite>
        </results>
      </test-suite>
    </results>
  </test-suite>
</test-results>