<?xml version="1.0" encoding="utf-8" standalone="no"?>
<!--This file represents the results of running a test suite-->
<test-results name="/Users/nbalkiss/Dev/servicemaster/apiclients/processVarsApi/csharp-client/src/IO.Swagger.Test/bin/Debug/IO.Swagger.Test.dll" total="2" errors="1" failures="0" not-run="0" inconclusive="0" ignored="0" skipped="0" invalid="0" date="2017-01-25" time="11:21:24">
  <environment nunit-version="2.6.4.14350" clr-version="4.0.30319.42000" os-version="Unix 14.4.0.0" platform="Unix" cwd="/Users/nbalkiss/Dev/servicemaster/apiclients/processVarsApi/csharp-client" machine-name="Nicks-MacBook-Pro.local" user="nbalkiss" user-domain="Nicks-MacBook-Pro.local" />
  <culture-info current-culture="en-US" current-uiculture="en-US" />
  <test-suite type="Assembly" name="/Users/nbalkiss/Dev/servicemaster/apiclients/processVarsApi/csharp-client/src/IO.Swagger.Test/bin/Debug/IO.Swagger.Test.dll" executed="True" result="Failure" success="False" time="0.128" asserts="0">
    <results>
      <test-suite type="Namespace" name="IO" executed="True" result="Failure" success="False" time="0.123" asserts="0">
        <results>
          <test-suite type="Namespace" name="Swagger" executed="True" result="Failure" success="False" time="0.122" asserts="0">
            <results>
              <test-suite type="Namespace" name="Test" executed="True" result="Failure" success="False" time="0.122" asserts="0">
                <results>
                  <test-suite type="TestFixture" name="DefaultApiTests" executed="True" result="Failure" success="False" time="0.122" asserts="0">
                    <results>
                      <test-case name="IO.Swagger.Test.DefaultApiTests.InstanceTest" executed="True" result="Success" success="True" time="0.015" asserts="0" />
                      <test-case name="IO.Swagger.Test.DefaultApiTests.ServerContainersContainerIdProcessesInstancesPInstanceIdVariablesGetTest" executed="True" result="Error" success="False" time="0.100" asserts="0">
                        <failure>
                          <message><![CDATA[IO.Swagger.Client.ApiException : Error calling ServerContainersContainerIdProcessesInstancesPInstanceIdVariablesGet: <html><head><title>JBoss Web/7.5.7.Final-redhat-1 - JBWEB000064: Error report</title><style><!--H1 {font-family:Tahoma,Arial,sans-serif;color:white;background-color:#525D76;font-size:22px;} H2 {font-family:Tahoma,Arial,sans-serif;color:white;background-color:#525D76;font-size:16px;} H3 {font-family:Tahoma,Arial,sans-serif;color:white;background-color:#525D76;font-size:14px;} BODY {font-family:Tahoma,Arial,sans-serif;color:black;background-color:white;} B {font-family:Tahoma,Arial,sans-serif;color:white;background-color:#525D76;} P {font-family:Tahoma,Arial,sans-serif;background:white;color:black;font-size:12px;}A {color : black;}A.name {color : black;}HR {color : #525D76;}--></style> </head><body><h1>JBWEB000065: HTTP Status 401 - </h1><HR size="1" noshade="noshade"><p><b>JBWEB000309: type</b> JBWEB000067: Status report</p><p><b>JBWEB000068: message</b> <u></u></p><p><b>JBWEB000069: description</b> <u>JBWEB000121: This request requires HTTP authentication.</u></p><HR size="1" noshade="noshade"><h3>JBoss Web/7.5.7.Final-redhat-1</h3></body></html>]]></message>
                          <stack-trace><![CDATA[at IO.Swagger.Api.DefaultApi.ServerContainersContainerIdProcessesInstancesPInstanceIdVariablesGetWithHttpInfo (System.String containerId, System.Nullable`1[T] pInstanceId) [0x001df] in <3ecf08695c254bc7a9ab88457049307e>:0
at IO.Swagger.Api.DefaultApi.ServerContainersContainerIdProcessesInstancesPInstanceIdVariablesGet (System.String containerId, System.Nullable`1[T] pInstanceId) [0x00001] in <3ecf08695c254bc7a9ab88457049307e>:0
at IO.Swagger.Test.DefaultApiTests.ServerContainersContainerIdProcessesInstancesPInstanceIdVariablesGetTest () [0x0000e] in <d891fb6147024b8a91002b191b17c4ee>:0
]]></stack-trace>
                        </failure>
                      </test-case>
                    </results>
                  </test-suite>
                </results>
              </test-suite>
            </results>
          </test-suite>
        </results>
      </test-suite>
    </results>
  </test-suite>
</test-results>