<?xml version="1.0" encoding="utf-8" standalone="no"?>
<!--This file represents the results of running a test suite-->
<test-results name="/Users/nbalkiss/Dev/servicemaster/apiclients/csharp-client-kie/src/IO.Swagger.Test/bin/Debug/IO.Swagger.Test.dll" total="4" errors="0" failures="0" not-run="0" inconclusive="0" ignored="0" skipped="0" invalid="0" date="2017-01-19" time="11:11:42">
  <environment nunit-version="2.6.4.14350" clr-version="4.0.30319.42000" os-version="Unix 14.4.0.0" platform="Unix" cwd="/Users/nbalkiss/Dev/servicemaster/apiclients/csharp-client-kie" machine-name="Nicks-MacBook-Pro.local" user="nbalkiss" user-domain="Nicks-MacBook-Pro.local" />
  <culture-info current-culture="en-US" current-uiculture="en-US" />
  <test-suite type="Assembly" name="/Users/nbalkiss/Dev/servicemaster/apiclients/csharp-client-kie/src/IO.Swagger.Test/bin/Debug/IO.Swagger.Test.dll" executed="True" result="Success" success="True" time="0.548" asserts="0">
    <results>
      <test-suite type="Namespace" name="IO" executed="True" result="Success" success="True" time="0.542" asserts="0">
        <results>
          <test-suite type="Namespace" name="Swagger" executed="True" result="Success" success="True" time="0.542" asserts="0">
            <results>
              <test-suite type="Namespace" name="Test" executed="True" result="Success" success="True" time="0.541" asserts="0">
                <results>
                  <test-suite type="TestFixture" name="DefaultApiTests" executed="True" result="Success" success="True" time="0.541" asserts="0">
                    <results>
                      <test-case name="IO.Swagger.Test.DefaultApiTests.InstanceTest" executed="True" result="Success" success="True" time="0.017" asserts="0" />
                      <test-case name="IO.Swagger.Test.DefaultApiTests.ServerContainersIdProcessesPIdInstancesPostTestAtomicParams" executed="True" result="Success" success="True" time="0.460" asserts="1" />
                      <test-case name="IO.Swagger.Test.DefaultApiTests.ServerContainersIdProcessesPIdInstancesPostTestMapParams" executed="True" result="Success" success="True" time="0.045" asserts="1" />
                      <test-case name="IO.Swagger.Test.DefaultApiTests.ServerContainersIdProcessesPIdInstancesPostTestNoParams" executed="True" result="Success" success="True" time="0.010" asserts="1" />
                    </results>
                  </test-suite>
                </results>
              </test-suite>
            </results>
          </test-suite>
        </results>
      </test-suite>
    </results>
  </test-suite>
</test-results>